0 info it worked if it ends with ok
1 verbose cli [ '/home/pi/n/bin/node',
1 verbose cli   '/home/pi/n/bin/npm',
1 verbose cli   'i',
1 verbose cli   '--save',
1 verbose cli   'node-picap' ]
2 info using npm@4.1.2
3 info using node@v7.6.0
4 silly loadCurrentTree Starting
5 silly install loadCurrentTree
6 silly install readLocalPackageData
7 silly fetchPackageMetaData node-picap
8 silly fetchNamedPackageData node-picap
9 silly mapToRegistry name node-picap
10 silly mapToRegistry using default registry
11 silly mapToRegistry registry https://registry.npmjs.org/
12 silly mapToRegistry data Result {
12 silly mapToRegistry   raw: 'node-picap',
12 silly mapToRegistry   scope: null,
12 silly mapToRegistry   escapedName: 'node-picap',
12 silly mapToRegistry   name: 'node-picap',
12 silly mapToRegistry   rawSpec: '',
12 silly mapToRegistry   spec: 'latest',
12 silly mapToRegistry   type: 'tag' }
13 silly mapToRegistry uri https://registry.npmjs.org/node-picap
14 verbose request uri https://registry.npmjs.org/node-picap
15 verbose request no auth needed
16 info attempt registry request try #1 at 5:22:01 AM
17 verbose request id 6d0a86a55389d764
18 http request GET https://registry.npmjs.org/node-picap
19 http 200 https://registry.npmjs.org/node-picap
20 verbose headers { date: 'Wed, 27 Jun 2018 05:22:01 GMT',
20 verbose headers   'content-type': 'application/json; charset=UTF-8',
20 verbose headers   'transfer-encoding': 'chunked',
20 verbose headers   connection: 'keep-alive',
20 verbose headers   'set-cookie': [ '__cfduid=d7db448c4acfc7f58f7fef05fc30b7c2f1530076921; expires=Thu, 27-Jun-19 05:22:01 GMT; path=/; domain=.registry.npmjs.org; HttpOnly' ],
20 verbose headers   'cache-control': 'max-age=300',
20 verbose headers   'cf-cache-status': 'MISS',
20 verbose headers   'cf-ray': '431579393ab3982f-LAX',
20 verbose headers   etag: 'W/"b1aaa6309bf6f3c04d0b70462c50a4ca"',
20 verbose headers   'expect-ct': 'max-age=604800, report-uri="https://report-uri.cloudflare.com/cdn-cgi/beacon/expect-ct"',
20 verbose headers   'last-modified': 'Sun, 27 May 2018 10:08:57 GMT',
20 verbose headers   vary: 'accept-encoding, accept',
20 verbose headers   server: 'cloudflare',
20 verbose headers   'content-encoding': 'gzip' }
21 silly get cb [ 200,
21 silly get   { date: 'Wed, 27 Jun 2018 05:22:01 GMT',
21 silly get     'content-type': 'application/json; charset=UTF-8',
21 silly get     'transfer-encoding': 'chunked',
21 silly get     connection: 'keep-alive',
21 silly get     'set-cookie': [ '__cfduid=d7db448c4acfc7f58f7fef05fc30b7c2f1530076921; expires=Thu, 27-Jun-19 05:22:01 GMT; path=/; domain=.registry.npmjs.org; HttpOnly' ],
21 silly get     'cache-control': 'max-age=300',
21 silly get     'cf-cache-status': 'MISS',
21 silly get     'cf-ray': '431579393ab3982f-LAX',
21 silly get     etag: 'W/"b1aaa6309bf6f3c04d0b70462c50a4ca"',
21 silly get     'expect-ct': 'max-age=604800, report-uri="https://report-uri.cloudflare.com/cdn-cgi/beacon/expect-ct"',
21 silly get     'last-modified': 'Sun, 27 May 2018 10:08:57 GMT',
21 silly get     vary: 'accept-encoding, accept',
21 silly get     server: 'cloudflare',
21 silly get     'content-encoding': 'gzip' } ]
22 verbose get saving node-picap to /home/pi/.npm/registry.npmjs.org/node-picap/.cache.json
23 verbose correctMkdir /home/pi/.npm correctMkdir not in flight; initializing
24 silly install normalizeTree
25 silly loadCurrentTree Finishing
26 silly loadIdealTree Starting
27 silly install loadIdealTree
28 silly cloneCurrentTree Starting
29 silly install cloneCurrentTreeToIdealTree
30 silly cloneCurrentTree Finishing
31 silly loadShrinkwrap Starting
32 silly install loadShrinkwrap
33 silly loadShrinkwrap Finishing
34 silly loadAllDepsIntoIdealTree Starting
35 silly install loadAllDepsIntoIdealTree
36 silly resolveWithNewModule node-picap@1.1.0 checking installable status
37 silly cache add args [ 'node-picap', null ]
38 verbose cache add spec node-picap
39 silly cache add parsed spec Result {
39 silly cache add   raw: 'node-picap',
39 silly cache add   scope: null,
39 silly cache add   escapedName: 'node-picap',
39 silly cache add   name: 'node-picap',
39 silly cache add   rawSpec: '',
39 silly cache add   spec: 'latest',
39 silly cache add   type: 'tag' }
40 silly addNamed node-picap@latest
41 verbose addNamed "latest" is being treated as a dist-tag for node-picap
42 info addNameTag [ 'node-picap', 'latest' ]
43 silly mapToRegistry name node-picap
44 silly mapToRegistry using default registry
45 silly mapToRegistry registry https://registry.npmjs.org/
46 silly mapToRegistry data Result {
46 silly mapToRegistry   raw: 'node-picap',
46 silly mapToRegistry   scope: null,
46 silly mapToRegistry   escapedName: 'node-picap',
46 silly mapToRegistry   name: 'node-picap',
46 silly mapToRegistry   rawSpec: '',
46 silly mapToRegistry   spec: 'latest',
46 silly mapToRegistry   type: 'tag' }
47 silly mapToRegistry uri https://registry.npmjs.org/node-picap
48 verbose addNameTag registry:https://registry.npmjs.org/node-picap not in flight; fetching
49 verbose get https://registry.npmjs.org/node-picap not expired, no request
50 silly addNameTag next cb for node-picap with tag latest
51 silly addNamed node-picap@1.1.0
52 verbose addNamed "1.1.0" is a plain semver version for node-picap
53 silly mapToRegistry name node-picap
54 silly mapToRegistry using default registry
55 silly mapToRegistry registry https://registry.npmjs.org/
56 silly mapToRegistry data Result {
56 silly mapToRegistry   raw: 'node-picap',
56 silly mapToRegistry   scope: null,
56 silly mapToRegistry   escapedName: 'node-picap',
56 silly mapToRegistry   name: 'node-picap',
56 silly mapToRegistry   rawSpec: '',
56 silly mapToRegistry   spec: 'latest',
56 silly mapToRegistry   type: 'tag' }
57 silly mapToRegistry uri https://registry.npmjs.org/node-picap
58 verbose addRemoteTarball https://registry.npmjs.org/node-picap/-/node-picap-1.1.0.tgz not in flight; adding
59 verbose addRemoteTarball [ 'https://registry.npmjs.org/node-picap/-/node-picap-1.1.0.tgz',
59 verbose addRemoteTarball   'ec871bfada849b6dcf48cbfe9aff6fdde8165fdb' ]
60 info retry fetch attempt 1 at 5:22:02 AM
61 info attempt registry request try #1 at 5:22:02 AM
62 http fetch GET https://registry.npmjs.org/node-picap/-/node-picap-1.1.0.tgz
63 http fetch 200 https://registry.npmjs.org/node-picap/-/node-picap-1.1.0.tgz
64 silly fetchAndShaCheck shasum ec871bfada849b6dcf48cbfe9aff6fdde8165fdb
65 verbose addTmpTarball /tmp/npm-4323-fbffc664/registry.npmjs.org/node-picap/-/node-picap-1.1.0.tgz not in flight; adding
66 verbose addTmpTarball already have metadata; skipping unpack for node-picap@1.1.0
67 verbose correctMkdir /home/pi/.npm correctMkdir not in flight; initializing
68 silly cache afterAdd node-picap@1.1.0
69 verbose afterAdd /home/pi/.npm/node-picap/1.1.0/package/package.json not in flight; writing
70 verbose correctMkdir /home/pi/.npm correctMkdir not in flight; initializing
71 verbose afterAdd /home/pi/.npm/node-picap/1.1.0/package/package.json written
72 silly fetchNamedPackageData bindings
73 silly mapToRegistry name bindings
74 silly mapToRegistry using default registry
75 silly mapToRegistry registry https://registry.npmjs.org/
76 silly mapToRegistry data Result {
76 silly mapToRegistry   raw: 'bindings',
76 silly mapToRegistry   scope: null,
76 silly mapToRegistry   escapedName: 'bindings',
76 silly mapToRegistry   name: 'bindings',
76 silly mapToRegistry   rawSpec: '',
76 silly mapToRegistry   spec: 'latest',
76 silly mapToRegistry   type: 'tag' }
77 silly mapToRegistry uri https://registry.npmjs.org/bindings
78 verbose request uri https://registry.npmjs.org/bindings
79 verbose request no auth needed
80 info attempt registry request try #1 at 5:22:02 AM
81 http request GET https://registry.npmjs.org/bindings
82 http 200 https://registry.npmjs.org/bindings
83 verbose headers { date: 'Wed, 27 Jun 2018 05:22:02 GMT',
83 verbose headers   'content-type': 'application/json; charset=UTF-8',
83 verbose headers   'transfer-encoding': 'chunked',
83 verbose headers   connection: 'keep-alive',
83 verbose headers   'set-cookie': [ '__cfduid=d457c003e55e26f3b248478ecbb92bd341530076922; expires=Thu, 27-Jun-19 05:22:02 GMT; path=/; domain=.registry.npmjs.org; HttpOnly' ],
83 verbose headers   'cache-control': 'max-age=300',
83 verbose headers   'cf-cache-status': 'HIT',
83 verbose headers   'cf-ray': '4315793e1f6e982f-LAX',
83 verbose headers   etag: 'W/"032d1e4fd790b7bf3a22d4035271b1a6"',
83 verbose headers   'expect-ct': 'max-age=604800, report-uri="https://report-uri.cloudflare.com/cdn-cgi/beacon/expect-ct"',
83 verbose headers   'last-modified': 'Sat, 26 May 2018 02:07:16 GMT',
83 verbose headers   vary: 'accept-encoding, accept',
83 verbose headers   server: 'cloudflare',
83 verbose headers   'content-encoding': 'gzip' }
84 silly get cb [ 200,
84 silly get   { date: 'Wed, 27 Jun 2018 05:22:02 GMT',
84 silly get     'content-type': 'application/json; charset=UTF-8',
84 silly get     'transfer-encoding': 'chunked',
84 silly get     connection: 'keep-alive',
84 silly get     'set-cookie': [ '__cfduid=d457c003e55e26f3b248478ecbb92bd341530076922; expires=Thu, 27-Jun-19 05:22:02 GMT; path=/; domain=.registry.npmjs.org; HttpOnly' ],
84 silly get     'cache-control': 'max-age=300',
84 silly get     'cf-cache-status': 'HIT',
84 silly get     'cf-ray': '4315793e1f6e982f-LAX',
84 silly get     etag: 'W/"032d1e4fd790b7bf3a22d4035271b1a6"',
84 silly get     'expect-ct': 'max-age=604800, report-uri="https://report-uri.cloudflare.com/cdn-cgi/beacon/expect-ct"',
84 silly get     'last-modified': 'Sat, 26 May 2018 02:07:16 GMT',
84 silly get     vary: 'accept-encoding, accept',
84 silly get     server: 'cloudflare',
84 silly get     'content-encoding': 'gzip' } ]
85 verbose get saving bindings to /home/pi/.npm/registry.npmjs.org/bindings/.cache.json
86 verbose correctMkdir /home/pi/.npm correctMkdir not in flight; initializing
87 silly pickManifestFromRegistryMetadata spec >=1.2.1 <2.0.0 tag latest versions [ '0.0.1',
87 silly pickManifestFromRegistryMetadata   '0.1.0',
87 silly pickManifestFromRegistryMetadata   '0.1.1',
87 silly pickManifestFromRegistryMetadata   '0.2.0',
87 silly pickManifestFromRegistryMetadata   '0.2.1',
87 silly pickManifestFromRegistryMetadata   '0.2.2',
87 silly pickManifestFromRegistryMetadata   '0.2.3',
87 silly pickManifestFromRegistryMetadata   '0.2.4',
87 silly pickManifestFromRegistryMetadata   '0.3.0',
87 silly pickManifestFromRegistryMetadata   '0.4.0',
87 silly pickManifestFromRegistryMetadata   '1.0.0',
87 silly pickManifestFromRegistryMetadata   '1.1.0',
87 silly pickManifestFromRegistryMetadata   '1.1.1',
87 silly pickManifestFromRegistryMetadata   '1.2.0',
87 silly pickManifestFromRegistryMetadata   '1.2.1',
87 silly pickManifestFromRegistryMetadata   '1.3.0' ]
88 silly resolveWithNewModule bindings@1.3.0 checking installable status
89 silly cache add args [ 'bindings@^1.2.1', null ]
90 verbose cache add spec bindings@^1.2.1
91 silly cache add parsed spec Result {
91 silly cache add   raw: 'bindings@^1.2.1',
91 silly cache add   scope: null,
91 silly cache add   escapedName: 'bindings',
91 silly cache add   name: 'bindings',
91 silly cache add   rawSpec: '^1.2.1',
91 silly cache add   spec: '>=1.2.1 <2.0.0',
91 silly cache add   type: 'range' }
92 silly addNamed bindings@>=1.2.1 <2.0.0
93 verbose addNamed ">=1.2.1 <2.0.0" is a valid semver range for bindings
94 silly addNameRange { name: 'bindings', range: '>=1.2.1 <2.0.0', hasData: false }
95 silly mapToRegistry name bindings
96 silly mapToRegistry using default registry
97 silly mapToRegistry registry https://registry.npmjs.org/
98 silly mapToRegistry data Result {
98 silly mapToRegistry   raw: 'bindings',
98 silly mapToRegistry   scope: null,
98 silly mapToRegistry   escapedName: 'bindings',
98 silly mapToRegistry   name: 'bindings',
98 silly mapToRegistry   rawSpec: '',
98 silly mapToRegistry   spec: 'latest',
98 silly mapToRegistry   type: 'tag' }
99 silly mapToRegistry uri https://registry.npmjs.org/bindings
100 verbose addNameRange registry:https://registry.npmjs.org/bindings not in flight; fetching
101 verbose get https://registry.npmjs.org/bindings not expired, no request
102 silly addNameRange number 2 { name: 'bindings', range: '>=1.2.1 <2.0.0', hasData: true }
103 silly addNameRange versions [ 'bindings',
103 silly addNameRange   [ '0.0.1',
103 silly addNameRange     '0.1.0',
103 silly addNameRange     '0.1.1',
103 silly addNameRange     '0.2.0',
103 silly addNameRange     '0.2.1',
103 silly addNameRange     '0.2.2',
103 silly addNameRange     '0.2.3',
103 silly addNameRange     '0.2.4',
103 silly addNameRange     '0.3.0',
103 silly addNameRange     '0.4.0',
103 silly addNameRange     '1.0.0',
103 silly addNameRange     '1.1.0',
103 silly addNameRange     '1.1.1',
103 silly addNameRange     '1.2.0',
103 silly addNameRange     '1.2.1',
103 silly addNameRange     '1.3.0' ] ]
104 silly pickManifestFromRegistryMetadata spec >=1.2.1 <2.0.0 tag latest versions [ '0.0.1',
104 silly pickManifestFromRegistryMetadata   '0.1.0',
104 silly pickManifestFromRegistryMetadata   '0.1.1',
104 silly pickManifestFromRegistryMetadata   '0.2.0',
104 silly pickManifestFromRegistryMetadata   '0.2.1',
104 silly pickManifestFromRegistryMetadata   '0.2.2',
104 silly pickManifestFromRegistryMetadata   '0.2.3',
104 silly pickManifestFromRegistryMetadata   '0.2.4',
104 silly pickManifestFromRegistryMetadata   '0.3.0',
104 silly pickManifestFromRegistryMetadata   '0.4.0',
104 silly pickManifestFromRegistryMetadata   '1.0.0',
104 silly pickManifestFromRegistryMetadata   '1.1.0',
104 silly pickManifestFromRegistryMetadata   '1.1.1',
104 silly pickManifestFromRegistryMetadata   '1.2.0',
104 silly pickManifestFromRegistryMetadata   '1.2.1',
104 silly pickManifestFromRegistryMetadata   '1.3.0' ]
105 silly addNamed bindings@latest
106 verbose addNamed "latest" is being treated as a dist-tag for bindings
107 info addNameTag [ 'bindings', 'latest' ]
108 silly mapToRegistry name bindings
109 silly mapToRegistry using default registry
110 silly mapToRegistry registry https://registry.npmjs.org/
111 silly mapToRegistry data Result {
111 silly mapToRegistry   raw: 'bindings',
111 silly mapToRegistry   scope: null,
111 silly mapToRegistry   escapedName: 'bindings',
111 silly mapToRegistry   name: 'bindings',
111 silly mapToRegistry   rawSpec: '',
111 silly mapToRegistry   spec: 'latest',
111 silly mapToRegistry   type: 'tag' }
112 silly mapToRegistry uri https://registry.npmjs.org/bindings
113 verbose addNameTag registry:https://registry.npmjs.org/bindings already in flight; waiting
114 silly addNameTag next cb for bindings with tag latest
115 silly addNamed bindings@1.3.0
116 verbose addNamed "1.3.0" is a plain semver version for bindings
117 silly mapToRegistry name bindings
118 silly mapToRegistry using default registry
119 silly mapToRegistry registry https://registry.npmjs.org/
120 silly mapToRegistry data Result {
120 silly mapToRegistry   raw: 'bindings',
120 silly mapToRegistry   scope: null,
120 silly mapToRegistry   escapedName: 'bindings',
120 silly mapToRegistry   name: 'bindings',
120 silly mapToRegistry   rawSpec: '',
120 silly mapToRegistry   spec: 'latest',
120 silly mapToRegistry   type: 'tag' }
121 silly mapToRegistry uri https://registry.npmjs.org/bindings
122 verbose addRemoteTarball https://registry.npmjs.org/bindings/-/bindings-1.3.0.tgz not in flight; adding
123 verbose addRemoteTarball [ 'https://registry.npmjs.org/bindings/-/bindings-1.3.0.tgz',
123 verbose addRemoteTarball   'b346f6ecf6a95f5a815c5839fc7cdb22502f1ed7' ]
124 info retry fetch attempt 1 at 5:22:02 AM
125 info attempt registry request try #1 at 5:22:02 AM
126 http fetch GET https://registry.npmjs.org/bindings/-/bindings-1.3.0.tgz
127 http fetch 200 https://registry.npmjs.org/bindings/-/bindings-1.3.0.tgz
128 silly fetchAndShaCheck shasum b346f6ecf6a95f5a815c5839fc7cdb22502f1ed7
129 verbose addTmpTarball /tmp/npm-4323-fbffc664/registry.npmjs.org/bindings/-/bindings-1.3.0.tgz not in flight; adding
130 verbose addTmpTarball already have metadata; skipping unpack for bindings@1.3.0
131 verbose correctMkdir /home/pi/.npm correctMkdir not in flight; initializing
132 silly cache afterAdd bindings@1.3.0
133 verbose afterAdd /home/pi/.npm/bindings/1.3.0/package/package.json not in flight; writing
134 verbose correctMkdir /home/pi/.npm correctMkdir not in flight; initializing
135 verbose afterAdd /home/pi/.npm/bindings/1.3.0/package/package.json written
136 silly loadAllDepsIntoIdealTree Finishing
137 silly loadIdealTree Finishing
138 silly currentTree picap@1.0.0
139 silly idealTree picap@1.0.0
139 silly idealTree ├── bindings@1.3.0
139 silly idealTree └── node-picap@1.1.0
140 silly generateActionsToTake Starting
141 silly install generateActionsToTake
142 silly generateActionsToTake Finishing
143 silly diffTrees action count 2
144 silly diffTrees add bindings@1.3.0
145 silly diffTrees add node-picap@1.1.0
146 silly decomposeActions action count 16
147 silly decomposeActions fetch bindings@1.3.0
148 silly decomposeActions extract bindings@1.3.0
149 silly decomposeActions test bindings@1.3.0
150 silly decomposeActions preinstall bindings@1.3.0
151 silly decomposeActions build bindings@1.3.0
152 silly decomposeActions install bindings@1.3.0
153 silly decomposeActions postinstall bindings@1.3.0
154 silly decomposeActions finalize bindings@1.3.0
155 silly decomposeActions fetch node-picap@1.1.0
156 silly decomposeActions extract node-picap@1.1.0
157 silly decomposeActions test node-picap@1.1.0
158 silly decomposeActions preinstall node-picap@1.1.0
159 silly decomposeActions build node-picap@1.1.0
160 silly decomposeActions install node-picap@1.1.0
161 silly decomposeActions postinstall node-picap@1.1.0
162 silly decomposeActions finalize node-picap@1.1.0
163 silly runTopLevelLifecycles Starting
164 silly executeActions Starting
165 silly install executeActions
166 silly doSerial global-install 0
167 silly doParallel fetch 2
168 verbose correctMkdir /home/pi/.npm/_locks correctMkdir not in flight; initializing
169 verbose lock using /home/pi/.npm/_locks/staging-113f4e88f3205c85.lock for /home/pi/sensors/picap/node_modules/.staging
170 silly doParallel extract 2
171 silly extract bindings@1.3.0
172 silly extract node-picap@1.1.0
173 verbose unbuild node_modules/.staging/bindings-db023c35
174 verbose unbuild node_modules/.staging/node-picap-24038861
175 silly gentlyRm /home/pi/sensors/picap/node_modules/.staging/bindings-db023c35 is being purged from base /home/pi/sensors/picap
176 verbose gentlyRm don't care about contents; nuking /home/pi/sensors/picap/node_modules/.staging/bindings-db023c35
177 silly gentlyRm /home/pi/sensors/picap/node_modules/.staging/node-picap-24038861 is being purged from base /home/pi/sensors/picap
178 verbose gentlyRm don't care about contents; nuking /home/pi/sensors/picap/node_modules/.staging/node-picap-24038861
179 verbose tar unpack /home/pi/.npm/bindings/1.3.0/package.tgz
180 verbose tar unpacking to /home/pi/sensors/picap/node_modules/.staging/bindings-db023c35
181 silly gentlyRm /home/pi/sensors/picap/node_modules/.staging/bindings-db023c35 is being purged
182 verbose gentlyRm don't care about contents; nuking /home/pi/sensors/picap/node_modules/.staging/bindings-db023c35
183 verbose tar unpack /home/pi/.npm/node-picap/1.1.0/package.tgz
184 verbose tar unpacking to /home/pi/sensors/picap/node_modules/.staging/node-picap-24038861
185 silly gentlyRm /home/pi/sensors/picap/node_modules/.staging/node-picap-24038861 is being purged
186 verbose gentlyRm don't care about contents; nuking /home/pi/sensors/picap/node_modules/.staging/node-picap-24038861
187 silly gunzTarPerm modes [ '755', '644' ]
188 silly gunzTarPerm modes [ '755', '644' ]
189 silly gunzTarPerm extractEntry package.json
190 silly gunzTarPerm extractEntry package.json
191 silly gunzTarPerm extractEntry README.md
192 silly gunzTarPerm extractEntry bindings.js
193 silly gunzTarPerm extractEntry .npmignore
194 silly gunzTarPerm extractEntry README.md
195 silly gunzTarPerm extractEntry addon.js
196 silly gunzTarPerm extractEntry LICENSE.md
197 silly gunzTarPerm extractEntry addon.cc
198 silly gunzTarPerm extractEntry binding.gyp
199 silly gunzTarPerm extractEntry mpr121wrapper.cc
200 silly gunzTarPerm extractEntry mpr121wrapper.h
201 silly gentlyRm /home/pi/sensors/picap/node_modules/.staging/bindings-db023c35/node_modules is being purged
202 verbose gentlyRm don't care about contents; nuking /home/pi/sensors/picap/node_modules/.staging/bindings-db023c35/node_modules
203 silly gentlyRm /home/pi/sensors/picap/node_modules/.staging/node-picap-24038861/node_modules is being purged
204 verbose gentlyRm don't care about contents; nuking /home/pi/sensors/picap/node_modules/.staging/node-picap-24038861/node_modules
205 silly doParallel preinstall 2
206 silly preinstall bindings@1.3.0
207 info lifecycle bindings@1.3.0~preinstall: bindings@1.3.0
208 silly preinstall node-picap@1.1.0
209 info lifecycle node-picap@1.1.0~preinstall: node-picap@1.1.0
210 silly lifecycle bindings@1.3.0~preinstall: no script for preinstall, continuing
211 silly lifecycle node-picap@1.1.0~preinstall: no script for preinstall, continuing
212 silly doReverseSerial remove 0
213 silly doSerial move 0
214 silly doSerial finalize 2
215 silly finalize /home/pi/sensors/picap/node_modules/bindings
216 silly finalize /home/pi/sensors/picap/node_modules/node-picap
217 silly doSerial build 2
218 silly build bindings@1.3.0
219 info linkStuff bindings@1.3.0
220 silly linkStuff bindings@1.3.0 has /home/pi/sensors/picap/node_modules as its parent node_modules
221 verbose linkBins bindings@1.3.0
222 verbose linkMans bindings@1.3.0
223 silly build node-picap@1.1.0
224 info linkStuff node-picap@1.1.0
225 silly linkStuff node-picap@1.1.0 has /home/pi/sensors/picap/node_modules as its parent node_modules
226 verbose linkBins node-picap@1.1.0
227 verbose linkMans node-picap@1.1.0
228 silly doSerial global-link 0
229 silly doParallel update-linked 0
230 silly doSerial install 2
231 silly install bindings@1.3.0
232 info lifecycle bindings@1.3.0~install: bindings@1.3.0
233 silly lifecycle bindings@1.3.0~install: no script for install, continuing
234 silly install node-picap@1.1.0
235 info lifecycle node-picap@1.1.0~install: node-picap@1.1.0
236 verbose lifecycle node-picap@1.1.0~install: unsafe-perm in lifecycle true
237 verbose lifecycle node-picap@1.1.0~install: PATH: /home/pi/n/lib/node_modules/npm/bin/node-gyp-bin:/home/pi/sensors/picap/node_modules/node-picap/node_modules/.bin:/home/pi/sensors/picap/node_modules/.bin:/usr/local/sbin:/usr/local/bin:/usr/sbin:/usr/bin:/sbin:/bin:/usr/local/games:/usr/games:/home/pi/n/bin
238 verbose lifecycle node-picap@1.1.0~install: CWD: /home/pi/sensors/picap/node_modules/node-picap
239 silly lifecycle node-picap@1.1.0~install: Args: [ '-c', 'node-gyp rebuild' ]
240 silly lifecycle node-picap@1.1.0~install: Returned: code: 1  signal: null
241 info lifecycle node-picap@1.1.0~install: Failed to exec install script
242 verbose unlock done using /home/pi/.npm/_locks/staging-113f4e88f3205c85.lock for /home/pi/sensors/picap/node_modules/.staging
243 silly rollbackFailedOptional Starting
244 silly gentlyRm /home/pi/sensors/picap/node_modules/bindings is being purged from base /home/pi/sensors/picap
245 verbose gentlyRm don't care about contents; nuking /home/pi/sensors/picap/node_modules/bindings
246 silly gentlyRm /home/pi/sensors/picap/node_modules/bindings is being purged from base /home/pi/sensors/picap
247 verbose gentlyRm don't care about contents; nuking /home/pi/sensors/picap/node_modules/bindings
248 silly gentlyRm /home/pi/sensors/picap/node_modules/bindings is being purged from base /home/pi/sensors/picap
249 verbose gentlyRm don't care about contents; nuking /home/pi/sensors/picap/node_modules/bindings
250 silly gentlyRm /home/pi/sensors/picap/node_modules/bindings is being purged from base /home/pi/sensors/picap
251 verbose gentlyRm don't care about contents; nuking /home/pi/sensors/picap/node_modules/bindings
252 silly gentlyRm /home/pi/sensors/picap/node_modules/bindings is being purged from base /home/pi/sensors/picap
253 verbose gentlyRm don't care about contents; nuking /home/pi/sensors/picap/node_modules/bindings
254 silly gentlyRm /home/pi/sensors/picap/node_modules/bindings is being purged from base /home/pi/sensors/picap
255 verbose gentlyRm don't care about contents; nuking /home/pi/sensors/picap/node_modules/bindings
256 silly gentlyRm /home/pi/sensors/picap/node_modules/bindings is being purged from base /home/pi/sensors/picap
257 verbose gentlyRm don't care about contents; nuking /home/pi/sensors/picap/node_modules/bindings
258 silly gentlyRm /home/pi/sensors/picap/node_modules/bindings is being purged from base /home/pi/sensors/picap
259 verbose gentlyRm don't care about contents; nuking /home/pi/sensors/picap/node_modules/bindings
260 silly gentlyRm /home/pi/sensors/picap/node_modules/node-picap is being purged from base /home/pi/sensors/picap
261 verbose gentlyRm don't care about contents; nuking /home/pi/sensors/picap/node_modules/node-picap
262 silly gentlyRm /home/pi/sensors/picap/node_modules/node-picap is being purged from base /home/pi/sensors/picap
263 verbose gentlyRm don't care about contents; nuking /home/pi/sensors/picap/node_modules/node-picap
264 silly gentlyRm /home/pi/sensors/picap/node_modules/node-picap is being purged from base /home/pi/sensors/picap
265 verbose gentlyRm don't care about contents; nuking /home/pi/sensors/picap/node_modules/node-picap
266 silly gentlyRm /home/pi/sensors/picap/node_modules/node-picap is being purged from base /home/pi/sensors/picap
267 verbose gentlyRm don't care about contents; nuking /home/pi/sensors/picap/node_modules/node-picap
268 silly gentlyRm /home/pi/sensors/picap/node_modules/node-picap is being purged from base /home/pi/sensors/picap
269 verbose gentlyRm don't care about contents; nuking /home/pi/sensors/picap/node_modules/node-picap
270 silly gentlyRm /home/pi/sensors/picap/node_modules/node-picap is being purged from base /home/pi/sensors/picap
271 verbose gentlyRm don't care about contents; nuking /home/pi/sensors/picap/node_modules/node-picap
272 silly gentlyRm /home/pi/sensors/picap/node_modules/node-picap is being purged from base /home/pi/sensors/picap
273 verbose gentlyRm don't care about contents; nuking /home/pi/sensors/picap/node_modules/node-picap
274 silly gentlyRm /home/pi/sensors/picap/node_modules/node-picap is being purged from base /home/pi/sensors/picap
275 verbose gentlyRm don't care about contents; nuking /home/pi/sensors/picap/node_modules/node-picap
276 silly vacuum-fs purging /home/pi/sensors/picap/node_modules/bindings
277 silly vacuum-fs purging /home/pi/sensors/picap/node_modules/bindings
278 silly vacuum-fs purging /home/pi/sensors/picap/node_modules/bindings
279 silly vacuum-fs purging /home/pi/sensors/picap/node_modules/bindings
280 silly vacuum-fs purging /home/pi/sensors/picap/node_modules/bindings
281 silly vacuum-fs purging /home/pi/sensors/picap/node_modules/bindings
282 silly vacuum-fs purging /home/pi/sensors/picap/node_modules/bindings
283 silly vacuum-fs purging /home/pi/sensors/picap/node_modules/node-picap
284 silly vacuum-fs purging /home/pi/sensors/picap/node_modules/bindings
285 silly vacuum-fs purging /home/pi/sensors/picap/node_modules/node-picap
286 silly vacuum-fs purging /home/pi/sensors/picap/node_modules/node-picap
287 silly vacuum-fs purging /home/pi/sensors/picap/node_modules/node-picap
288 silly vacuum-fs purging /home/pi/sensors/picap/node_modules/node-picap
289 silly vacuum-fs purging /home/pi/sensors/picap/node_modules/node-picap
290 silly vacuum-fs purging /home/pi/sensors/picap/node_modules/node-picap
291 silly vacuum-fs purging /home/pi/sensors/picap/node_modules/node-picap
292 silly vacuum-fs quitting because other entries in /home/pi/sensors/picap/node_modules
293 silly vacuum-fs quitting because other entries in /home/pi/sensors/picap/node_modules
294 silly vacuum-fs quitting because other entries in /home/pi/sensors/picap/node_modules
295 silly vacuum-fs quitting because other entries in /home/pi/sensors/picap/node_modules
296 silly vacuum-fs quitting because other entries in /home/pi/sensors/picap/node_modules
297 silly vacuum-fs quitting because other entries in /home/pi/sensors/picap/node_modules
298 silly vacuum-fs quitting because other entries in /home/pi/sensors/picap/node_modules
299 silly vacuum-fs quitting because other entries in /home/pi/sensors/picap/node_modules
300 silly vacuum-fs removing /home/pi/sensors/picap/node_modules
301 silly vacuum-fs removing /home/pi/sensors/picap/node_modules
302 silly vacuum-fs removing /home/pi/sensors/picap/node_modules
303 silly vacuum-fs removing /home/pi/sensors/picap/node_modules
304 silly vacuum-fs removing /home/pi/sensors/picap/node_modules
305 silly vacuum-fs removing /home/pi/sensors/picap/node_modules
306 silly vacuum-fs removing /home/pi/sensors/picap/node_modules
307 silly vacuum-fs removing /home/pi/sensors/picap/node_modules
308 silly vacuum-fs finished vacuuming up to /home/pi/sensors/picap
309 silly vacuum-fs quitting because lost the race to remove /home/pi/sensors/picap/node_modules
310 silly vacuum-fs quitting because lost the race to remove /home/pi/sensors/picap/node_modules
311 silly vacuum-fs quitting because lost the race to remove /home/pi/sensors/picap/node_modules
312 silly vacuum-fs quitting because lost the race to remove /home/pi/sensors/picap/node_modules
313 silly vacuum-fs quitting because lost the race to remove /home/pi/sensors/picap/node_modules
314 silly vacuum-fs quitting because lost the race to remove /home/pi/sensors/picap/node_modules
315 silly vacuum-fs quitting because lost the race to remove /home/pi/sensors/picap/node_modules
316 silly rollbackFailedOptional Finishing
317 silly runTopLevelLifecycles Finishing
318 silly install printInstalled
319 warn picap@1.0.0 No description
320 verbose If you need help, you may report this error at:
320 verbose     <https://github.com/npm/npm/issues>
321 warn picap@1.0.0 No repository field.
322 verbose If you need help, you may report this error at:
322 verbose     <https://github.com/npm/npm/issues>
323 verbose stack Error: node-picap@1.1.0 install: `node-gyp rebuild`
323 verbose stack Exit status 1
323 verbose stack     at EventEmitter.<anonymous> (/home/pi/n/lib/node_modules/npm/lib/utils/lifecycle.js:279:16)
323 verbose stack     at emitTwo (events.js:106:13)
323 verbose stack     at EventEmitter.emit (events.js:192:7)
323 verbose stack     at ChildProcess.<anonymous> (/home/pi/n/lib/node_modules/npm/lib/utils/spawn.js:40:14)
323 verbose stack     at emitTwo (events.js:106:13)
323 verbose stack     at ChildProcess.emit (events.js:192:7)
323 verbose stack     at maybeClose (internal/child_process.js:890:16)
323 verbose stack     at Process.ChildProcess._handle.onexit (internal/child_process.js:226:5)
324 verbose pkgid node-picap@1.1.0
325 verbose cwd /home/pi/sensors/picap
326 error Linux 4.4.50-v7+
327 error argv "/home/pi/n/bin/node" "/home/pi/n/bin/npm" "i" "--save" "node-picap"
328 error node v7.6.0
329 error npm  v4.1.2
330 error code ELIFECYCLE
331 error node-picap@1.1.0 install: `node-gyp rebuild`
331 error Exit status 1
332 error Failed at the node-picap@1.1.0 install script 'node-gyp rebuild'.
332 error Make sure you have the latest version of node.js and npm installed.
332 error If you do, this is most likely a problem with the node-picap package,
332 error not with npm itself.
332 error Tell the author that this fails on your system:
332 error     node-gyp rebuild
332 error You can get information on how to open an issue for this project with:
332 error     npm bugs node-picap
332 error Or if that isn't available, you can get their info via:
332 error     npm owner ls node-picap
332 error There is likely additional logging output above.
333 verbose exit [ 1, true ]
